<?xml version="1.0" encoding="UTF-8"?>
<!-- Generated by org.testng.reporters.JUnitXMLReporter -->
<testsuite ignored="0" hostname="DUY" failures="0" tests="3" name="Command line test" time="8.638" errors="0" timestamp="2022-07-23T20:14:22 ICT">
  <testcase classname="com.tvinh.test1.GetListLikesTest" name="TestCase01" time="4.441"/>
  <testcase classname="com.tvinh.test1.GetListLikesTest" name="TestCase02" time="2.491"/>
  <testcase classname="com.tvinh.test1.GetListLikesTest" name="TestCase03" time="1.678"/>
</testsuite> <!-- Command line test -->
