<?xml version="1.0" encoding="UTF-8"?>
<!-- Generated by org.testng.reporters.JUnitXMLReporter -->
<testsuite ignored="0" hostname="DUY" failures="0" tests="3" name="Command line test" time="15.682" errors="0" timestamp="2022-07-21T17:34:20 ICT">
  <testcase classname="com.tvinh.test1.Read_new" name="Test01" time="6.601"/>
  <testcase classname="com.tvinh.test1.Read_new" name="Test02" time="2.557"/>
  <testcase classname="com.tvinh.test1.Read_new" name="Test03" time="6.522"/>
</testsuite> <!-- Command line test -->
